2022-07-31 23:21:21,256 INFO o.a.j.u.JMeterUtils: Setting Locale to ru_RU
2022-07-31 23:21:21,293 ERROR o.a.j.u.JMeterUtils: Could not find resources for 'ru_RU'
2022-07-31 23:21:21,294 INFO o.a.j.JMeter: Loading user properties from: user.properties
2022-07-31 23:21:21,295 INFO o.a.j.JMeter: Loading system properties from: system.properties
2022-07-31 23:21:21,295 INFO o.a.j.JMeter: Loading additional properties from: D:\Program Files\BuildAgent\work\f5f9b0bd3b4556c2\jmeter\bin\user.properties
2022-07-31 23:21:21,303 INFO o.a.j.JMeter: Copyright (c) 1998-2019 The Apache Software Foundation
2022-07-31 23:21:21,303 INFO o.a.j.JMeter: Version 5.1.1 r1855137
2022-07-31 23:21:21,303 INFO o.a.j.JMeter: java.version=11.0.6
2022-07-31 23:21:21,303 INFO o.a.j.JMeter: java.vm.name=Java HotSpot(TM) 64-Bit Server VM
2022-07-31 23:21:21,303 INFO o.a.j.JMeter: os.name=Windows 10
2022-07-31 23:21:21,303 INFO o.a.j.JMeter: os.arch=amd64
2022-07-31 23:21:21,303 INFO o.a.j.JMeter: os.version=10.0
2022-07-31 23:21:21,304 INFO o.a.j.JMeter: file.encoding=Cp1251
2022-07-31 23:21:21,304 INFO o.a.j.JMeter: java.awt.headless=true
2022-07-31 23:21:21,304 INFO o.a.j.JMeter: Max memory     =4253024256
2022-07-31 23:21:21,304 INFO o.a.j.JMeter: Available Processors =8
2022-07-31 23:21:21,316 INFO o.a.j.JMeter: Default Locale=ðóññêèé (Ðîññèÿ)
2022-07-31 23:21:21,316 INFO o.a.j.JMeter: JMeter  Locale=ðóññêèé (Ðîññèÿ)
2022-07-31 23:21:21,316 INFO o.a.j.JMeter: JMeterHome=D:\Program Files\BuildAgent\work\f5f9b0bd3b4556c2\jmeter
2022-07-31 23:21:21,317 INFO o.a.j.JMeter: user.dir  =D:\Program Files\BuildAgent\work\f5f9b0bd3b4556c2\jmeter\bin
2022-07-31 23:21:21,317 INFO o.a.j.JMeter: PWD       =D:\Program Files\BuildAgent\work\f5f9b0bd3b4556c2\jmeter\bin
2022-07-31 23:21:21,318 INFO o.a.j.JMeter: IP: 169.254.134.92 Name: DESKTOP-2ORC0I9 FullName: DESKTOP-2ORC0I9
2022-07-31 23:21:21,322 INFO o.a.j.JMeter: Setting property 'jmeter.reportgenerator.outputdir' to:'D:\Program Files\BuildAgent\work\f5f9b0bd3b4556c2\jmeter\bin\report22'
2022-07-31 23:21:21,331 INFO o.a.j.r.d.ReportGenerator: ReportGenerator will use for Parsing the separator: ','
2022-07-31 23:21:21,331 INFO o.a.j.r.d.ReportGenerator: Will only generate report from results file: D:\Program Files\BuildAgent\work\f5f9b0bd3b4556c2\jmeter\bin\newLogFile_22.jtl
2022-07-31 23:21:21,332 INFO o.a.j.r.d.ReportGenerator: Reading report generator properties from: D:\Program Files\BuildAgent\work\f5f9b0bd3b4556c2\jmeter\bin\reportgenerator.properties
2022-07-31 23:21:21,333 INFO o.a.j.r.d.ReportGenerator: Merging with JMeter properties
2022-07-31 23:21:21,341 INFO o.a.j.r.c.ReportGeneratorConfiguration: Property 'jmeter.reportgenerator.temp_dir' not found, using default value 'temp' instead.
2022-07-31 23:21:21,345 INFO o.a.j.r.c.ReportGeneratorConfiguration: Property 'jmeter.reportgenerator.apdex_per_transaction' not found, using default value 'null' instead.
2022-07-31 23:21:21,351 INFO o.a.j.r.c.ReportGeneratorConfiguration: apdex_per_transaction : {} is empty, not APDEX per transaction customization
2022-07-31 23:21:21,351 INFO o.a.j.r.c.ReportGeneratorConfiguration: Property 'jmeter.reportgenerator.sample_filter' not found, using default value 'null' instead.
2022-07-31 23:21:21,351 INFO o.a.j.r.c.ReportGeneratorConfiguration: Property 'jmeter.reportgenerator.report_title' not found, using default value 'null' instead.
2022-07-31 23:21:21,351 INFO o.a.j.r.c.ReportGeneratorConfiguration: Property 'jmeter.reportgenerator.start_date' not found, using default value 'null' instead.
2022-07-31 23:21:21,351 INFO o.a.j.r.c.ReportGeneratorConfiguration: Property 'jmeter.reportgenerator.end_date' not found, using default value 'null' instead.
2022-07-31 23:21:21,352 INFO o.a.j.r.c.ReportGeneratorConfiguration: Property 'jmeter.reportgenerator.date_format' not found, using default value 'null' instead.
2022-07-31 23:21:21,361 INFO o.a.j.r.c.ReportGeneratorConfiguration: Will use date range start date: null, end date: null
2022-07-31 23:21:21,368 INFO o.a.j.r.c.ReportGeneratorConfiguration: Property 'jmeter.reportgenerator.graph.totalTPS.exclude_controllers' not found, using default value 'false' instead.
2022-07-31 23:21:21,368 INFO o.a.j.r.c.ReportGeneratorConfiguration: Property 'jmeter.reportgenerator.graph.activeThreadsOverTime.exclude_controllers' not found, using default value 'false' instead.
2022-07-31 23:21:21,368 INFO o.a.j.r.c.ReportGeneratorConfiguration: Property 'jmeter.reportgenerator.graph.timeVsThreads.exclude_controllers' not found, using default value 'false' instead.
2022-07-31 23:21:21,369 INFO o.a.j.r.c.ReportGeneratorConfiguration: Property 'jmeter.reportgenerator.graph.responseTimeDistribution.exclude_controllers' not found, using default value 'false' instead.
2022-07-31 23:21:21,369 INFO o.a.j.r.c.ReportGeneratorConfiguration: Property 'jmeter.reportgenerator.graph.transactionsPerSecond.exclude_controllers' not found, using default value 'false' instead.
2022-07-31 23:21:21,369 INFO o.a.j.r.c.ReportGeneratorConfiguration: Property 'jmeter.reportgenerator.graph.responseTimePercentiles.exclude_controllers' not found, using default value 'false' instead.
2022-07-31 23:21:21,369 INFO o.a.j.r.c.ReportGeneratorConfiguration: Property 'jmeter.reportgenerator.graph.responseTimePercentilesOverTime.exclude_controllers' not found, using default value 'false' instead.
2022-07-31 23:21:21,370 INFO o.a.j.r.c.ReportGeneratorConfiguration: Property 'jmeter.reportgenerator.graph.responseTimesOverTime.exclude_controllers' not found, using default value 'false' instead.
2022-07-31 23:21:21,370 INFO o.a.j.r.c.ReportGeneratorConfiguration: Property 'jmeter.reportgenerator.graph.connectTimeOverTime.exclude_controllers' not found, using default value 'false' instead.
2022-07-31 23:21:21,370 INFO o.a.j.r.c.ReportGeneratorConfiguration: Property 'jmeter.reportgenerator.graph.latenciesOverTime.exclude_controllers' not found, using default value 'false' instead.
2022-07-31 23:21:21,372 INFO o.a.j.r.c.ReportGeneratorConfiguration: Property 'jmeter.reportgenerator.exporter.json.filters_only_sample_series' not found, using default value 'true' instead.
2022-07-31 23:21:21,372 INFO o.a.j.r.c.ReportGeneratorConfiguration: Property 'jmeter.reportgenerator.exporter.json.series_filter' not found, using default value '' instead.
2022-07-31 23:21:21,372 INFO o.a.j.r.c.ReportGeneratorConfiguration: Property 'jmeter.reportgenerator.exporter.json.show_controllers_only' not found, using default value 'false' instead.
2022-07-31 23:21:21,373 INFO o.a.j.r.c.ReportGeneratorConfiguration: Property 'jmeter.reportgenerator.exporter.html.filters_only_sample_series' not found, using default value 'true' instead.
2022-07-31 23:21:21,373 INFO o.a.j.r.c.ReportGeneratorConfiguration: Property 'jmeter.reportgenerator.exporter.html.series_filter' not found, using default value '' instead.
2022-07-31 23:21:21,373 INFO o.a.j.r.c.ReportGeneratorConfiguration: Property 'jmeter.reportgenerator.exporter.html.show_controllers_only' not found, using default value 'false' instead.
2022-07-31 23:21:21,613 INFO o.a.j.s.SaveService: Testplan (JMX) version: 2.2. Testlog (JTL) version: 2.2
2022-07-31 23:21:21,647 INFO o.a.j.s.SaveService: Using SaveService properties version 5.0
2022-07-31 23:21:21,652 INFO o.a.j.s.SaveService: Using SaveService properties file encoding UTF-8
2022-07-31 23:21:21,717 INFO o.a.j.r.p.NormalizerSampleConsumer: Using format, 'ms', to parse timeStamp field
2022-07-31 23:21:34,289 INFO o.a.j.r.p.AbstractSampleConsumer: class org.apache.jmeter.report.processor.AggregateConsumer#stopProducing(): beginDate produced 0 samples
2022-07-31 23:21:34,289 INFO o.a.j.r.p.AbstractSampleConsumer: class org.apache.jmeter.report.processor.AggregateConsumer#stopProducing(): endDate produced 0 samples
2022-07-31 23:21:34,289 INFO o.a.j.r.p.AbstractSampleConsumer: class org.apache.jmeter.report.processor.ApdexSummaryConsumer#stopProducing(): apdexSummary produced 0 samples
2022-07-31 23:21:34,289 INFO o.a.j.r.p.AbstractSampleConsumer: class org.apache.jmeter.report.processor.RequestsSummaryConsumer#stopProducing(): requestsSummary produced 0 samples
2022-07-31 23:21:34,462 INFO o.a.j.r.p.AbstractSampleConsumer: class org.apache.jmeter.report.processor.StatisticsSummaryConsumer#stopProducing(): statisticsSummary produced 0 samples
2022-07-31 23:21:34,478 INFO o.a.j.r.p.AbstractSampleConsumer: class org.apache.jmeter.report.processor.Top5ErrorsBySamplerConsumer#stopProducing(): top5ErrorsBySampler produced 0 samples
2022-07-31 23:21:34,478 INFO o.a.j.r.p.AbstractSampleConsumer: class org.apache.jmeter.report.processor.ErrorsSummaryConsumer#stopProducing(): errorsSummary produced 0 samples
2022-07-31 23:21:34,478 INFO o.a.j.r.p.AbstractSampleConsumer: class org.apache.jmeter.report.processor.graph.impl.HitsPerSecondGraphConsumer#stopProducing(): hitsPerSecond produced 0 samples
2022-07-31 23:21:36,287 INFO o.a.j.r.p.AbstractSampleConsumer: class org.apache.jmeter.report.processor.graph.impl.LatencyVSRequestGraphConsumer#stopProducing(): latencyVsRequest produced 0 samples
2022-07-31 23:21:36,318 INFO o.a.j.r.p.AbstractSampleConsumer: class org.apache.jmeter.report.processor.graph.impl.SyntheticResponseTimeDistributionGraphConsumer#stopProducing(): syntheticResponseTimeDistribution produced 0 samples
2022-07-31 23:21:36,318 INFO o.a.j.r.p.AbstractSampleConsumer: class org.apache.jmeter.report.processor.graph.impl.BytesThroughputGraphConsumer#stopProducing(): bytesThroughputOverTime produced 0 samples
2022-07-31 23:21:36,318 INFO o.a.j.r.p.AbstractSampleConsumer: class org.apache.jmeter.report.processor.graph.impl.CodesPerSecondGraphConsumer#stopProducing(): codesPerSecond produced 0 samples
2022-07-31 23:21:38,351 INFO o.a.j.r.p.AbstractSampleConsumer: class org.apache.jmeter.report.processor.graph.impl.ResponseTimeVSRequestGraphConsumer#stopProducing(): responseTimeVsRequest produced 0 samples
2022-07-31 23:21:38,366 INFO o.a.j.r.p.AbstractSampleConsumer: class org.apache.jmeter.report.processor.FilterConsumer#stopProducing(): startIntervalControlerFilter produced 4217220 samples
2022-07-31 23:21:38,366 INFO o.a.j.r.p.AbstractSampleConsumer: class org.apache.jmeter.report.processor.graph.impl.TotalTPSGraphConsumer#stopProducing(): totalTPS produced 0 samples
2022-07-31 23:21:38,366 INFO o.a.j.r.p.AbstractSampleConsumer: class org.apache.jmeter.report.processor.graph.impl.ActiveThreadsGraphConsumer#stopProducing(): activeThreadsOverTime produced 0 samples
2022-07-31 23:21:38,366 INFO o.a.j.r.p.AbstractSampleConsumer: class org.apache.jmeter.report.processor.graph.impl.TimeVSThreadGraphConsumer#stopProducing(): timeVsThreads produced 0 samples
2022-07-31 23:21:38,366 INFO o.a.j.r.p.AbstractSampleConsumer: class org.apache.jmeter.report.processor.graph.impl.ResponseTimeDistributionGraphConsumer#stopProducing(): responseTimeDistribution produced 0 samples
2022-07-31 23:21:38,366 INFO o.a.j.r.p.AbstractSampleConsumer: class org.apache.jmeter.report.processor.graph.impl.TransactionsPerSecondGraphConsumer#stopProducing(): transactionsPerSecond produced 0 samples
2022-07-31 23:21:38,366 INFO o.a.j.r.p.AbstractSampleConsumer: class org.apache.jmeter.report.processor.graph.impl.ResponseTimePercentilesGraphConsumer#stopProducing(): responseTimePercentiles produced 0 samples
2022-07-31 23:21:38,366 INFO o.a.j.r.p.AbstractSampleConsumer: class org.apache.jmeter.report.processor.graph.impl.ResponseTimePercentilesOverTimeGraphConsumer#stopProducing(): responseTimePercentilesOverTime produced 0 samples
2022-07-31 23:21:38,366 INFO o.a.j.r.p.AbstractSampleConsumer: class org.apache.jmeter.report.processor.graph.impl.ResponseTimeOverTimeGraphConsumer#stopProducing(): responseTimesOverTime produced 0 samples
2022-07-31 23:21:38,366 INFO o.a.j.r.p.AbstractSampleConsumer: class org.apache.jmeter.report.processor.graph.impl.ConnectTimeOverTimeGraphConsumer#stopProducing(): connectTimeOverTime produced 0 samples
2022-07-31 23:21:38,366 INFO o.a.j.r.p.AbstractSampleConsumer: class org.apache.jmeter.report.processor.graph.impl.LatencyOverTimeGraphConsumer#stopProducing(): latenciesOverTime produced 0 samples
2022-07-31 23:21:38,366 INFO o.a.j.r.p.AbstractSampleConsumer: class org.apache.jmeter.report.processor.FilterConsumer#stopProducing(): nameFilter produced 9036900 samples
2022-07-31 23:21:38,366 INFO o.a.j.r.p.AbstractSampleConsumer: class org.apache.jmeter.report.processor.FilterConsumer#stopProducing(): dateRangeFilter produced 1807380 samples
2022-07-31 23:21:38,366 INFO o.a.j.r.p.AbstractSampleConsumer: class org.apache.jmeter.report.processor.NormalizerSampleConsumer#stopProducing(): normalizer produced 602460 samples
2022-07-31 23:21:38,366 INFO o.a.j.r.p.CsvFileSampleSource: produce(): 602460 samples produced in 16s 617 ms on channel 0
2022-07-31 23:21:38,366 INFO o.a.j.r.d.ReportGenerator: Exporting data using exporter:'json' of className:'org.apache.jmeter.report.dashboard.JsonExporter'
2022-07-31 23:21:38,382 INFO o.a.j.r.d.JsonExporter: Found data for consumer statisticsSummary in context
2022-07-31 23:21:38,382 INFO o.a.j.r.d.JsonExporter: Creating statistics for overall
2022-07-31 23:21:38,382 INFO o.a.j.r.d.JsonExporter: Creating statistics for other transactions
2022-07-31 23:21:38,382 INFO o.a.j.r.d.JsonExporter: Checking output folder
2022-07-31 23:21:38,382 INFO o.a.j.r.d.JsonExporter: Writing statistics JSON to D:\Program Files\BuildAgent\work\f5f9b0bd3b4556c2\jmeter\bin\report22\statistics.json
2022-07-31 23:21:38,541 INFO o.a.j.r.d.ReportGenerator: Exporting data using exporter:'html' of className:'org.apache.jmeter.report.dashboard.HtmlTemplateExporter'
2022-07-31 23:21:38,543 INFO o.a.j.r.d.HtmlTemplateExporter: Will generate dashboard in folder: D:\Program Files\BuildAgent\work\f5f9b0bd3b4556c2\jmeter\bin\report22
2022-07-31 23:21:38,621 INFO o.a.j.r.d.HtmlTemplateExporter: Report will be generated in: D:\Program Files\BuildAgent\work\f5f9b0bd3b4556c2\jmeter\bin\report22, creating folder structure
2022-07-31 23:21:38,621 INFO o.a.j.r.d.TemplateVisitor: Copying folder from 'D:\Program Files\BuildAgent\work\f5f9b0bd3b4556c2\jmeter\bin\report-template' to 'D:\Program Files\BuildAgent\work\f5f9b0bd3b4556c2\jmeter\bin\report22', got message:[D:\Program Files\BuildAgent\work\f5f9b0bd3b4556c2\jmeter\bin\report22\statistics.json], found non empty folder with following content {}, will be ignored
